open file #net_crc, fd=1480
open file sd_cache.tmp, fd=1492
open file addon/deathmat/dstartup.lsp, fd=1504
open file addon/deathmat/small.lsp, fd=1512
open file addon/deathmat/cur_lev.lsp, fd=1516
open file addon/deathmat/version.lsp, fd=1524
open file #net_crc, fd=1520
open file sd_cache.tmp, fd=1536
open file addon/deathmat/dstartup.lsp, fd=936
open file addon/deathmat/small.lsp, fd=1004
open file addon/deathmat/cur_lev.lsp, fd=996
open file addon/deathmat/version.lsp, fd=992
open file #net_crc, fd=1596
open file sd_cache.tmp, fd=1604
open file addon/deathmat/dstartup.lsp, fd=1612
open file addon/deathmat/small.lsp, fd=1620
open file addon/deathmat/cur_lev.lsp, fd=1624
open file addon/deathmat/version.lsp, fd=1628
open file #net_crc, fd=1504
open file sd_cache.tmp, fd=1520
open file addon/deathmat/dstartup.lsp, fd=1540
open file addon/deathmat/small.lsp, fd=1544
open file addon/deathmat/cur_lev.lsp, fd=1552
open file addon/deathmat/version.lsp, fd=1556
open file #net_crc, fd=1496
open file sd_cache.tmp, fd=1504
open file addon/deathmat/dstartup.lsp, fd=1508
open file addon/deathmat/small.lsp, fd=1516
open file addon/deathmat/cur_lev.lsp, fd=1520
open file addon/deathmat/version.lsp, fd=1524
open file #net_crc, fd=1544
open file sd_cache.tmp, fd=1556
open file addon/deathmat/dstartup.lsp, fd=1564
open file addon/deathmat/small.lsp, fd=1580
open file addon/deathmat/cur_lev.lsp, fd=1584
open file addon/deathmat/version.lsp, fd=1588
open file #net_crc, fd=1472
open file sd_cache.tmp, fd=1492
open file addon/deathmat/dstartup.lsp, fd=1504
open file addon/deathmat/small.lsp, fd=1508
open file addon/deathmat/cur_lev.lsp, fd=1512
open file addon/deathmat/version.lsp, fd=1520
open file lisp/chat.lsp, fd=1524
open file lisp/people.lsp, fd=1532
open file lisp/weapons.lsp, fd=1552
open file lisp/guns.lsp, fd=1556
open file lisp/switch.lsp, fd=1560
open file light.tbl, fd=1572
open file netstart.spe, fd=1576
open file C:\ABUSE133\NETLEVEL/2PLAY1.cpf, fd=-1
